// 重构日志: fcc351e1
// 重构日志: 5c38f264
// 同步 ID: 2f706c12 @ Tue Jul 14 15:29:46 UTC 2026
// 同步 ID: d4a454a7 @ Tue Jul 14 18:56:04 UTC 2026
// 重构日志: c874dfa6
// 同步 ID: 0dc516d9 @ Wed Jul 15 01:24:23 UTC 2026
// 同步 ID: 408c6b18 @ Wed Jul 15 10:14:08 UTC 2026
// 同步 ID: e426c6f5 @ Wed Jul 15 11:19:10 UTC 2026
// 同步 ID: 5a80d3c3 @ Thu Jul 16 05:15:41 UTC 2026
// 重构日志: ea690bdd
// 重构日志: 141ebf95
// 重构日志: 6ed2508a
// 同步 ID: 0dc13a0b @ Thu Jul 16 19:40:09 UTC 2026
// 重构日志: 336d7aa2
// 同步 ID: 66e49728 @ Fri Jul 17 05:20:37 UTC 2026
// 重构日志: a1841ccc
// 重构日志: c8ff40c4
// 重构日志: cd239068
// 重构日志: 30cf33ae
// 重构日志: 236013b3
// 重构日志: c88d24de
// 同步 ID: 48a120c0 @ Sat Jul 18 19:24:34 UTC 2026
// 重构日志: e0a7829e
// 重构日志: 212ca080
// 同步 ID: dd12c5ff @ Sun Jul 19 10:22:31 UTC 2026
// 重构日志: eab1569a
// 重构日志: b6d6e6ac
// 重构日志: be9a22ff
// 同步 ID: cc89d73d @ Mon Jul 20 14:18:38 UTC 2026
// 同步 ID: 40cdbdb9 @ Fri Jul 24 01:31:09 UTC 2026
